/Users/shuihiroki/Library/Python/3.9/lib/python/site-packages/urllib3/__init__.py:35: NotOpenSSLWarning: urllib3 v2 only supports OpenSSL 1.1.1+, currently the 'ssl' module is compiled with 'LibreSSL 2.8.3'. See: https://github.com/urllib3/urllib3/issues/3020
  warnings.warn(
Traceback (most recent call last):
  File "/Users/shuihiroki/kabuka/update_weekly.py", line 91, in <module>
    wb = load_workbook(xl_path)
  File "/Users/shuihiroki/Library/Python/3.9/lib/python/site-packages/openpyxl/reader/excel.py", line 346, in load_workbook
    reader = ExcelReader(filename, read_only, keep_vba,
  File "/Users/shuihiroki/Library/Python/3.9/lib/python/site-packages/openpyxl/reader/excel.py", line 123, in __init__
    self.archive = _validate_archive(fn)
  File "/Users/shuihiroki/Library/Python/3.9/lib/python/site-packages/openpyxl/reader/excel.py", line 95, in _validate_archive
    archive = ZipFile(filename, 'r')
  File "/Library/Developer/CommandLineTools/Library/Frameworks/Python3.framework/Versions/3.9/lib/python3.9/zipfile.py", line 1239, in __init__
    self.fp = io.open(file, filemode)
PermissionError: [Errno 1] Operation not permitted: '/Users/shuihiroki/Library/CloudStorage/GoogleDrive-hiroki09090429@gmail.com/マイドライブ/高配当株_価格推移一覧.xlsx'
/Users/shuihiroki/Library/Python/3.9/lib/python/site-packages/urllib3/__init__.py:35: NotOpenSSLWarning: urllib3 v2 only supports OpenSSL 1.1.1+, currently the 'ssl' module is compiled with 'LibreSSL 2.8.3'. See: https://github.com/urllib3/urllib3/issues/3020
  warnings.warn(
2026-04-15 22:00 データ取得中...
  JSON更新完了: ['04/09', '04/10', '04/13', '04/14', '04/15']
  Excel更新スキップ: [Errno 1] Operation not permitted: '/Users/shuihiroki/Library/CloudStorage/GoogleDrive-hiroki09090429@gmail.com/マイドライブ/高配当株_価格推移一覧.xlsx'
  GitHub push失敗: Command '['git', 'push', 'origin', 'main']' returned non-zero exit status 128.
✅ 2026-04-15 22:00 完了 (Excel=スキップ)
/Users/shuihiroki/Library/Python/3.9/lib/python/site-packages/urllib3/__init__.py:35: NotOpenSSLWarning: urllib3 v2 only supports OpenSSL 1.1.1+, currently the 'ssl' module is compiled with 'LibreSSL 2.8.3'. See: https://github.com/urllib3/urllib3/issues/3020
  warnings.warn(
2026-04-16 22:00 データ取得中...
  JSON更新完了: ['04/10', '04/13', '04/14', '04/15', '04/16']
  Excel更新スキップ: [Errno 1] Operation not permitted: '/Users/shuihiroki/Library/CloudStorage/GoogleDrive-hiroki09090429@gmail.com/マイドライブ/高配当株_価格推移一覧.xlsx'
  GitHub push失敗: Command '['git', 'push', 'origin', 'main']' returned non-zero exit status 128.
✅ 2026-04-16 22:00 完了 (Excel=スキップ)
